#
# There is insufficient memory for the Java Runtime Environment to continue.
# Native memory allocation (malloc) failed to allocate 1352416 bytes for Chunk::new
# Possible reasons:
#   The system is out of physical RAM or swap space
#   In 32 bit mode, the process size limit was hit
# Possible solutions:
#   Reduce memory load on the system
#   Increase physical memory or swap space
#   Check if swap backing store is full
#   Use 64 bit Java on a 64 bit OS
#   Decrease Java heap size (-Xmx/-Xms)
#   Decrease number of Java threads
#   Decrease Java thread stack sizes (-Xss)
#   Set larger code cache with -XX:ReservedCodeCacheSize=
# This output file may be truncated or incomplete.
#
#  Out of Memory Error (allocation.cpp:390), pid=13800, tid=0x00000000000029a8
#
# JRE version: Java(TM) SE Runtime Environment (8.0_161-b12) (build 1.8.0_161-b12)
# Java VM: Java HotSpot(TM) 64-Bit Server VM (25.161-b12 mixed mode windows-amd64 compressed oops)
# Failed to write core dump. Minidumps are not enabled by default on client versions of Windows
#

---------------  T H R E A D  ---------------

Current thread (0x0000000015a10000):  JavaThread "C2 CompilerThread0" daemon [_thread_in_native, id=10664, stack(0x0000000016f50000,0x0000000017050000)]

Stack: [0x0000000016f50000,0x0000000017050000]
[error occurred during error reporting (printing stack bounds), id 0xc0000005]

Native frames: (J=compiled Java code, j=interpreted, Vv=VM code, C=native code)


Current CompileTask:
C2:   3974 2444       4       java.net.URLClassLoader$1::run (5 bytes)


---------------  P R O C E S S  ---------------

Java Threads: ( => current thread )
  0x0000000015a0a000 JavaThread "Service Thread" daemon [_thread_blocked, id=13408, stack(0x0000000017650000,0x0000000017750000)]
  0x0000000015a06800 JavaThread "C1 CompilerThread2" daemon [_thread_blocked, id=13712, stack(0x0000000017150000,0x0000000017250000)]
  0x00000000159ff000 JavaThread "C2 CompilerThread1" daemon [_thread_in_native, id=13568, stack(0x0000000017050000,0x0000000017150000)]
=>0x0000000015a10000 JavaThread "C2 CompilerThread0" daemon [_thread_in_native, id=10664, stack(0x0000000016f50000,0x0000000017050000)]
  0x0000000015a0e000 JavaThread "Attach Listener" daemon [_thread_blocked, id=13504, stack(0x0000000016e50000,0x0000000016f50000)]
  0x0000000015a0d000 JavaThread "Signal Dispatcher" daemon [_thread_blocked, id=13544, stack(0x0000000016d50000,0x0000000016e50000)]
  0x000000000342a000 JavaThread "Finalizer" daemon [_thread_blocked, id=13772, stack(0x0000000016c50000,0x0000000016d50000)]
  0x0000000003427000 JavaThread "Reference Handler" daemon [_thread_blocked, id=3812, stack(0x0000000016b50000,0x0000000016c50000)]
  0x0000000003334800 JavaThread "main" [_thread_in_Java, id=13268, stack(0x0000000003230000,0x0000000003330000)]

Other Threads:
  0x00000000159c8000 VMThread [stack: 0x0000000016a50000,0x0000000016b50000] [id=14284]
  0x000000001729a000 WatcherThread [stack: 0x0000000017750000,0x0000000017850000] [id=8104]

VM state:not at safepoint (normal execution)

VM Mutex/Monitor currently owned by a thread: None

Heap:
 PSYoungGen      total 72192K, used 46367K [0x00000000eb400000, 0x00000000f0200000, 0x0000000100000000)
  eden space 65024K, 60% used [0x00000000eb400000,0x00000000eda480c8,0x00000000ef380000)
  from space 7168K, 99% used [0x00000000ef380000,0x00000000efa7fd58,0x00000000efa80000)
  to   space 6656K, 0% used [0x00000000efa80000,0x00000000efa80000,0x00000000f0100000)
 ParOldGen       total 33792K, used 8035K [0x00000000c1c00000, 0x00000000c3d00000, 0x00000000eb400000)
  object space 33792K, 23% used [0x00000000c1c00000,0x00000000c23d8c20,0x00000000c3d00000)
 Metaspace       used 27997K, capacity 28938K, committed 29232K, reserved 1075200K
  class space    used 3630K, capacity 3840K, committed 3888K, reserved 1048576K

Card table byte_map: [0x00000000127f0000,0x00000000129f0000] byte_map_base: 0x00000000121e2000

Marking Bits: (ParMarkBitMap*) 0x000000007745f860
 Begin Bits: [0x0000000012f40000, 0x0000000013ed0000)
 End Bits:   [0x0000000013ed0000, 0x0000000014e60000)

Polling page: 0x0000000001390000

CodeCache: size=245760Kb used=9313Kb max_used=9313Kb free=236446Kb
 bounds [0x0000000003430000, 0x0000000003d50000, 0x0000000012430000]
 total_blobs=3021 nmethods=2619 adapters=314
 compilation: enabled

Compilation events (10 events):
Event: 3.971 Thread 0x0000000015a06800 nmethod 2626 0x0000000003d4aa90 code [0x0000000003d4ac00, 0x0000000003d4af08]
Event: 3.971 Thread 0x0000000015a06800 2623       3       java.util.HashMap$EntrySet::iterator (12 bytes)
Event: 3.971 Thread 0x0000000015a06800 nmethod 2623 0x0000000003d4b010 code [0x0000000003d4b180, 0x0000000003d4b3e8]
Event: 3.971 Thread 0x0000000015a06800 2624       3       java.util.HashMap$EntryIterator::<init> (11 bytes)
Event: 3.971 Thread 0x0000000015a06800 nmethod 2624 0x0000000003d4b4d0 code [0x0000000003d4b640, 0x0000000003d4b7e8]
Event: 3.971 Thread 0x0000000015a06800 2621       3       java.lang.reflect.AnnotatedElement::isAnnotationPresent (16 bytes)
Event: 3.972 Thread 0x0000000015a06800 nmethod 2621 0x0000000003d4b890 code [0x0000000003d4ba00, 0x0000000003d4bc68]
Event: 3.972 Thread 0x0000000015a06800 2627       1       java.util.Collections$EmptySet::isEmpty (2 bytes)
Event: 3.972 Thread 0x0000000015a06800 nmethod 2627 0x0000000003d4bd10 code [0x0000000003d4be60, 0x0000000003d4bf70]
Event: 3.972 Thread 0x0000000015a06800 2628       3       java.lang.reflect.Method::getAnnotation (6 bytes)

GC Heap History (10 events):
Event: 1.103 GC heap before
{Heap before GC invocations=4 (full 0):
 PSYoungGen      total 18944K, used 18912K [0x00000000eb400000, 0x00000000ed900000, 0x0000000100000000)
  eden space 16384K, 100% used [0x00000000eb400000,0x00000000ec400000,0x00000000ec400000)
  from space 2560K, 98% used [0x00000000ec400000,0x00000000ec678020,0x00000000ec680000)
  to   space 2560K, 0% used [0x00000000ed680000,0x00000000ed680000,0x00000000ed900000)
 ParOldGen       total 44032K, used 3033K [0x00000000c1c00000, 0x00000000c4700000, 0x00000000eb400000)
  object space 44032K, 6% used [0x00000000c1c00000,0x00000000c1ef6628,0x00000000c4700000)
 Metaspace       used 13351K, capacity 13818K, committed 13952K, reserved 1060864K
  class space    used 1749K, capacity 1878K, committed 1920K, reserved 1048576K
Event: 1.109 GC heap after
Heap after GC invocations=4 (full 0):
 PSYoungGen      total 35328K, used 2528K [0x00000000eb400000, 0x00000000ed900000, 0x0000000100000000)
  eden space 32768K, 0% used [0x00000000eb400000,0x00000000eb400000,0x00000000ed400000)
  from space 2560K, 98% used [0x00000000ed680000,0x00000000ed8f8020,0x00000000ed900000)
  to   space 2560K, 0% used [0x00000000ed400000,0x00000000ed400000,0x00000000ed680000)
 ParOldGen       total 44032K, used 4474K [0x00000000c1c00000, 0x00000000c4700000, 0x00000000eb400000)
  object space 44032K, 10% used [0x00000000c1c00000,0x00000000c205ea48,0x00000000c4700000)
 Metaspace       used 13351K, capacity 13818K, committed 13952K, reserved 1060864K
  class space    used 1749K, capacity 1878K, committed 1920K, reserved 1048576K
}
Event: 1.544 GC heap before
{Heap before GC invocations=5 (full 0):
 PSYoungGen      total 35328K, used 35296K [0x00000000eb400000, 0x00000000ed900000, 0x0000000100000000)
  eden space 32768K, 100% used [0x00000000eb400000,0x00000000ed400000,0x00000000ed400000)
  from space 2560K, 98% used [0x00000000ed680000,0x00000000ed8f8020,0x00000000ed900000)
  to   space 2560K, 0% used [0x00000000ed400000,0x00000000ed400000,0x00000000ed680000)
 ParOldGen       total 44032K, used 4571K [0x00000000c1c00000, 0x00000000c4700000, 0x00000000eb400000)
  object space 44032K, 10% used [0x00000000c1c00000,0x00000000c2076e28,0x00000000c4700000)
 Metaspace       used 17552K, capacity 18048K, committed 18304K, reserved 1064960K
  class space    used 2271K, capacity 2429K, committed 2432K, reserved 1048576K
Event: 1.559 GC heap after
Heap after GC invocations=5 (full 0):
 PSYoungGen      total 35328K, used 2544K [0x00000000eb400000, 0x00000000f0100000, 0x0000000100000000)
  eden space 32768K, 0% used [0x00000000eb400000,0x00000000eb400000,0x00000000ed400000)
  from space 2560K, 99% used [0x00000000ed400000,0x00000000ed67c010,0x00000000ed680000)
  to   space 6656K, 0% used [0x00000000efa80000,0x00000000efa80000,0x00000000f0100000)
 ParOldGen       total 44032K, used 8768K [0x00000000c1c00000, 0x00000000c4700000, 0x00000000eb400000)
  object space 44032K, 19% used [0x00000000c1c00000,0x00000000c2490360,0x00000000c4700000)
 Metaspace       used 17552K, capacity 18048K, committed 18304K, reserved 1064960K
  class space    used 2271K, capacity 2429K, committed 2432K, reserved 1048576K
}
Event: 1.933 GC heap before
{Heap before GC invocations=6 (full 0):
 PSYoungGen      total 35328K, used 33633K [0x00000000eb400000, 0x00000000f0100000, 0x0000000100000000)
  eden space 32768K, 94% used [0x00000000eb400000,0x00000000ed25c4e8,0x00000000ed400000)
  from space 2560K, 99% used [0x00000000ed400000,0x00000000ed67c010,0x00000000ed680000)
  to   space 6656K, 0% used [0x00000000efa80000,0x00000000efa80000,0x00000000f0100000)
 ParOldGen       total 44032K, used 8768K [0x00000000c1c00000, 0x00000000c4700000, 0x00000000eb400000)
  object space 44032K, 19% used [0x00000000c1c00000,0x00000000c2490360,0x00000000c4700000)
 Metaspace       used 20719K, capacity 21254K, committed 21296K, reserved 1067008K
  class space    used 2675K, capacity 2824K, committed 2864K, reserved 1048576K
Event: 1.944 GC heap after
Heap after GC invocations=6 (full 0):
 PSYoungGen      total 71680K, used 6188K [0x00000000eb400000, 0x00000000f0200000, 0x0000000100000000)
  eden space 65024K, 0% used [0x00000000eb400000,0x00000000eb400000,0x00000000ef380000)
  from space 6656K, 92% used [0x00000000efa80000,0x00000000f008b3c8,0x00000000f0100000)
  to   space 7168K, 0% used [0x00000000ef380000,0x00000000ef380000,0x00000000efa80000)
 ParOldGen       total 44032K, used 8776K [0x00000000c1c00000, 0x00000000c4700000, 0x00000000eb400000)
  object space 44032K, 19% used [0x00000000c1c00000,0x00000000c2492360,0x00000000c4700000)
 Metaspace       used 20719K, capacity 21254K, committed 21296K, reserved 1067008K
  class space    used 2675K, capacity 2824K, committed 2864K, reserved 1048576K
}
Event: 1.944 GC heap before
{Heap before GC invocations=7 (full 1):
 PSYoungGen      total 71680K, used 6188K [0x00000000eb400000, 0x00000000f0200000, 0x0000000100000000)
  eden space 65024K, 0% used [0x00000000eb400000,0x00000000eb400000,0x00000000ef380000)
  from space 6656K, 92% used [0x00000000efa80000,0x00000000f008b3c8,0x00000000f0100000)
  to   space 7168K, 0% used [0x00000000ef380000,0x00000000ef380000,0x00000000efa80000)
 ParOldGen       total 44032K, used 8776K [0x00000000c1c00000, 0x00000000c4700000, 0x00000000eb400000)
  object space 44032K, 19% used [0x00000000c1c00000,0x00000000c2492360,0x00000000c4700000)
 Metaspace       used 20719K, capacity 21254K, committed 21296K, reserved 1067008K
  class space    used 2675K, capacity 2824K, committed 2864K, reserved 1048576K
Event: 1.981 GC heap after
Heap after GC invocations=7 (full 1):
 PSYoungGen      total 71680K, used 0K [0x00000000eb400000, 0x00000000f0200000, 0x0000000100000000)
  eden space 65024K, 0% used [0x00000000eb400000,0x00000000eb400000,0x00000000ef380000)
  from space 6656K, 0% used [0x00000000efa80000,0x00000000efa80000,0x00000000f0100000)
  to   space 7168K, 0% used [0x00000000ef380000,0x00000000ef380000,0x00000000efa80000)
 ParOldGen       total 33792K, used 7420K [0x00000000c1c00000, 0x00000000c3d00000, 0x00000000eb400000)
  object space 33792K, 21% used [0x00000000c1c00000,0x00000000c233f288,0x00000000c3d00000)
 Metaspace       used 20719K, capacity 21254K, committed 21296K, reserved 1067008K
  class space    used 2675K, capacity 2824K, committed 2864K, reserved 1048576K
}
Event: 2.707 GC heap before
{Heap before GC invocations=8 (full 1):
 PSYoungGen      total 71680K, used 65024K [0x00000000eb400000, 0x00000000f0200000, 0x0000000100000000)
  eden space 65024K, 100% used [0x00000000eb400000,0x00000000ef380000,0x00000000ef380000)
  from space 6656K, 0% used [0x00000000efa80000,0x00000000efa80000,0x00000000f0100000)
  to   space 7168K, 0% used [0x00000000ef380000,0x00000000ef380000,0x00000000efa80000)
 ParOldGen       total 33792K, used 7420K [0x00000000c1c00000, 0x00000000c3d00000, 0x00000000eb400000)
  object space 33792K, 21% used [0x00000000c1c00000,0x00000000c233f288,0x00000000c3d00000)
 Metaspace       used 24892K, capacity 25606K, committed 25776K, reserved 1071104K
  class space    used 3193K, capacity 3384K, committed 3504K, reserved 1048576K
Event: 2.719 GC heap after
Heap after GC invocations=8 (full 1):
 PSYoungGen      total 72192K, used 7167K [0x00000000eb400000, 0x00000000f0200000, 0x0000000100000000)
  eden space 65024K, 0% used [0x00000000eb400000,0x00000000eb400000,0x00000000ef380000)
  from space 7168K, 99% used [0x00000000ef380000,0x00000000efa7fd58,0x00000000efa80000)
  to   space 6656K, 0% used [0x00000000efa80000,0x00000000efa80000,0x00000000f0100000)
 ParOldGen       total 33792K, used 8035K [0x00000000c1c00000, 0x00000000c3d00000, 0x00000000eb400000)
  object space 33792K, 23% used [0x00000000c1c00000,0x00000000c23d8c20,0x00000000c3d00000)
 Metaspace       used 24892K, capacity 25606K, committed 25776K, reserved 1071104K
  class space    used 3193K, capacity 3384K, committed 3504K, reserved 1048576K
}

Deoptimization events (10 events):
Event: 2.621 Thread 0x0000000017ef7000 Uncommon trap: reason=predicate action=maybe_recompile pc=0x00000000037f86a8 method=java.lang.String.regionMatches(ZILjava/lang/String;II)Z @ 63
Event: 2.624 Thread 0x0000000017ef7000 Uncommon trap: reason=unstable_if action=reinterpret pc=0x0000000003b7b8a4 method=sun.misc.ASCIICaseInsensitiveComparator.compare(Ljava/lang/String;Ljava/lang/String;)I @ 106
Event: 3.294 Thread 0x0000000003334800 Uncommon trap: reason=unstable_if action=reinterpret pc=0x0000000003b790d0 method=java.lang.String$CaseInsensitiveComparator.compare(Ljava/lang/String;Ljava/lang/String;)I @ 70
Event: 3.584 Thread 0x0000000003334800 Uncommon trap: reason=predicate action=maybe_recompile pc=0x0000000003cb24cc method=java.util.AbstractCollection.toArray([Ljava/lang/Object;)[Ljava/lang/Object; @ 49
Event: 3.649 Thread 0x0000000003334800 Uncommon trap: reason=array_check action=maybe_recompile pc=0x0000000003cb61c0 method=java.util.AbstractCollection.toArray([Ljava/lang/Object;)[Ljava/lang/Object; @ 119
Event: 3.649 Thread 0x0000000003334800 Uncommon trap: reason=array_check action=maybe_recompile pc=0x0000000003cb61c0 method=java.util.AbstractCollection.toArray([Ljava/lang/Object;)[Ljava/lang/Object; @ 119
Event: 3.649 Thread 0x0000000003334800 Uncommon trap: reason=array_check action=maybe_recompile pc=0x0000000003cb61c0 method=java.util.AbstractCollection.toArray([Ljava/lang/Object;)[Ljava/lang/Object; @ 119
Event: 3.649 Thread 0x0000000003334800 Uncommon trap: reason=array_check action=maybe_recompile pc=0x0000000003cb61c0 method=java.util.AbstractCollection.toArray([Ljava/lang/Object;)[Ljava/lang/Object; @ 119
Event: 3.773 Thread 0x0000000003334800 Uncommon trap: reason=unstable_if action=reinterpret pc=0x0000000003a4acb0 method=java.util.concurrent.ConcurrentHashMap.putVal(Ljava/lang/Object;Ljava/lang/Object;Z)Ljava/lang/Object; @ 206
Event: 3.865 Thread 0x0000000003334800 Uncommon trap: reason=unstable_if action=reinterpret pc=0x0000000003bacadc method=java.util.LinkedList.node(I)Ljava/util/LinkedList$Node; @ 49

Classes redefined (0 events):
No events

Internal exceptions (10 events):
Event: 1.454 Thread 0x0000000003334800 Exception <a 'java/lang/ClassNotFoundException': org/springframework/beans/factory/support/BeanDefinitionRegistryPostProcessorCustomizer> (0x00000000ecca5928) thrown at [C:\re\workspace\8-2-build-windows-amd64-cygwin\jdk8u161\10277\hotspot\src\share\vm\cl
Event: 1.454 Thread 0x0000000003334800 Exception <a 'java/lang/ClassNotFoundException': org/springframework/core/PriorityOrderedCustomizer> (0x00000000eccb7c70) thrown at [C:\re\workspace\8-2-build-windows-amd64-cygwin\jdk8u161\10277\hotspot\src\share\vm\classfile\systemDictionary.cpp, line 21
Event: 1.455 Thread 0x0000000003334800 Exception <a 'java/lang/ClassNotFoundException': org/springframework/context/ResourceLoaderAwareCustomizer> (0x00000000eccca7c0) thrown at [C:\re\workspace\8-2-build-windows-amd64-cygwin\jdk8u161\10277\hotspot\src\share\vm\classfile\systemDictionary.cpp, 
Event: 1.456 Thread 0x0000000003334800 Exception <a 'java/lang/ClassNotFoundException': org/springframework/beans/factory/BeanClassLoaderAwareCustomizer> (0x00000000ecce0030) thrown at [C:\re\workspace\8-2-build-windows-amd64-cygwin\jdk8u161\10277\hotspot\src\share\vm\classfile\systemDictionar
Event: 1.456 Thread 0x0000000003334800 Exception <a 'java/lang/ClassNotFoundException': org/springframework/context/EnvironmentAwareCustomizer> (0x00000000eccf3458) thrown at [C:\re\workspace\8-2-build-windows-amd64-cygwin\jdk8u161\10277\hotspot\src\share\vm\classfile\systemDictionary.cpp, lin
Event: 1.478 Thread 0x0000000003334800 Exception <a 'java/lang/NoClassDefFoundError': org/reactivestreams/Publisher> (0x00000000ece27be8) thrown at [C:\re\workspace\8-2-build-windows-amd64-cygwin\jdk8u161\10277\hotspot\src\share\vm\classfile\systemDictionary.cpp, line 199]
Event: 1.479 Thread 0x0000000003334800 Exception <a 'java/lang/NoClassDefFoundError': rx/Observable> (0x00000000ece38560) thrown at [C:\re\workspace\8-2-build-windows-amd64-cygwin\jdk8u161\10277\hotspot\src\share\vm\classfile\systemDictionary.cpp, line 199]
Event: 1.480 Thread 0x0000000003334800 Exception <a 'java/lang/NoClassDefFoundError': org/reactivestreams/Publisher> (0x00000000ece4b218) thrown at [C:\re\workspace\8-2-build-windows-amd64-cygwin\jdk8u161\10277\hotspot\src\share\vm\classfile\systemDictionary.cpp, line 199]
Event: 1.989 Thread 0x0000000017ef7000 Exception <a 'java/lang/IncompatibleClassChangeError': Found class java.lang.Object, but interface was expected> (0x00000000eb49e070) thrown at [C:\re\workspace\8-2-build-windows-amd64-cygwin\jdk8u161\10277\hotspot\src\share\vm\interpreter\linkResolver.cp
Event: 3.350 Thread 0x0000000003334800 Exception <a 'java/lang/NoSuchMethodError': java.lang.Object.lambda$of$0([Ljava/lang/Object;)Ljava/util/Iterator;> (0x00000000ec628c78) thrown at [C:\re\workspace\8-2-build-windows-amd64-cygwin\jdk8u161\10277\hotspot\src\share\vm\interpreter\linkResolver.

Events (10 events):
Event: 3.913 loading class com/fasterxml/jackson/dataformat/cbor$CBORFactory
Event: 3.913 loading class com/fasterxml/jackson/dataformat/cbor$CBORFactory done
Event: 3.913 loading class com/google/gson/Gson
Event: 3.913 loading class com/google/gson/Gson done
Event: 3.914 loading class com/google/gson$Gson
Event: 3.914 loading class com/google/gson$Gson done
Event: 3.914 loading class javax/json/bind/Jsonb
Event: 3.914 loading class javax/json/bind/Jsonb done
Event: 3.914 loading class javax/json/bind$Jsonb
Event: 3.914 loading class javax/json/bind$Jsonb done


Dynamic libraries:
0x00007ff63b830000 - 0x00007ff63b867000 	D:\Java\JDK\jdk1.8.0_161\bin\javaw.exe
0x00007ffd80a90000 - 0x00007ffd80c71000 	C:\WINDOWS\SYSTEM32\ntdll.dll
0x00007ffd7dfa0000 - 0x00007ffd7e052000 	C:\WINDOWS\System32\KERNEL32.DLL
0x00007ffd7d1f0000 - 0x00007ffd7d463000 	C:\WINDOWS\System32\KERNELBASE.dll
0x00007ffd80070000 - 0x00007ffd80111000 	C:\WINDOWS\System32\ADVAPI32.dll
0x00007ffd7fd80000 - 0x00007ffd7fe1e000 	C:\WINDOWS\System32\msvcrt.dll
0x00007ffd7df40000 - 0x00007ffd7df9b000 	C:\WINDOWS\System32\sechost.dll
0x00007ffd80330000 - 0x00007ffd80454000 	C:\WINDOWS\System32\RPCRT4.dll
0x00007ffd801a0000 - 0x00007ffd80330000 	C:\WINDOWS\System32\USER32.dll
0x00007ffd7d520000 - 0x00007ffd7d540000 	C:\WINDOWS\System32\win32u.dll
0x00007ffd80690000 - 0x00007ffd806b8000 	C:\WINDOWS\System32\GDI32.dll
0x00007ffd7cfb0000 - 0x00007ffd7d142000 	C:\WINDOWS\System32\gdi32full.dll
0x00007ffd7d150000 - 0x00007ffd7d1ef000 	C:\WINDOWS\System32\msvcp_win.dll
0x00007ffd7ce60000 - 0x00007ffd7cf5a000 	C:\WINDOWS\System32\ucrtbase.dll
0x00007ffd73110000 - 0x00007ffd73379000 	C:\WINDOWS\WinSxS\amd64_microsoft.windows.common-controls_6595b64144ccf1df_6.0.17134.81_none_b4b229fe3cb4cfa3\COMCTL32.dll
0x00007ffd806c0000 - 0x00007ffd809e3000 	C:\WINDOWS\System32\combase.dll
0x00007ffd7de40000 - 0x00007ffd7deba000 	C:\WINDOWS\System32\bcryptPrimitives.dll
0x00007ffd80660000 - 0x00007ffd8068d000 	C:\WINDOWS\System32\IMM32.DLL
0x0000000051830000 - 0x0000000051902000 	D:\Java\JDK\jdk1.8.0_161\jre\bin\msvcr100.dll
0x0000000076c40000 - 0x00000000774df000 	D:\Java\JDK\jdk1.8.0_161\jre\bin\server\jvm.dll
0x00007ffd7fee0000 - 0x00007ffd7fee8000 	C:\WINDOWS\System32\PSAPI.DLL
0x00007ffd795e0000 - 0x00007ffd79603000 	C:\WINDOWS\SYSTEM32\WINMM.dll
0x00007ffd74e20000 - 0x00007ffd74e2a000 	C:\WINDOWS\SYSTEM32\VERSION.dll
0x00007ffd7b9c0000 - 0x00007ffd7b9c9000 	C:\WINDOWS\SYSTEM32\WSOCK32.dll
0x00007ffd80460000 - 0x00007ffd804cc000 	C:\WINDOWS\System32\WS2_32.dll
0x00007ffd795b0000 - 0x00007ffd795da000 	C:\WINDOWS\SYSTEM32\winmmbase.dll
0x00007ffd7cf60000 - 0x00007ffd7cfa9000 	C:\WINDOWS\System32\cfgmgr32.dll
0x0000000051b90000 - 0x0000000051b9f000 	D:\Java\JDK\jdk1.8.0_161\jre\bin\verify.dll
0x0000000051b60000 - 0x0000000051b89000 	D:\Java\JDK\jdk1.8.0_161\jre\bin\java.dll
0x0000000051b40000 - 0x0000000051b56000 	D:\Java\JDK\jdk1.8.0_161\jre\bin\zip.dll
0x00007ffd7e060000 - 0x00007ffd7f4a0000 	C:\WINDOWS\System32\SHELL32.dll
0x00007ffd804e0000 - 0x00007ffd80589000 	C:\WINDOWS\System32\shcore.dll
0x00007ffd7d730000 - 0x00007ffd7de3d000 	C:\WINDOWS\System32\windows.storage.dll
0x00007ffd7fe80000 - 0x00007ffd7fed1000 	C:\WINDOWS\System32\shlwapi.dll
0x00007ffd7cdb0000 - 0x00007ffd7cdc1000 	C:\WINDOWS\System32\kernel.appcore.dll
0x00007ffd7ce20000 - 0x00007ffd7ce3f000 	C:\WINDOWS\System32\profapi.dll
0x00007ffd7cdd0000 - 0x00007ffd7ce1c000 	C:\WINDOWS\System32\powrprof.dll
0x00007ffd7cda0000 - 0x00007ffd7cdaa000 	C:\WINDOWS\System32\FLTLIB.DLL
0x0000000051ab0000 - 0x0000000051abd000 	D:\Java\JDK\jdk1.8.0_161\jre\bin\management.dll
0x0000000051b20000 - 0x0000000051b3a000 	D:\Java\JDK\jdk1.8.0_161\jre\bin\net.dll
0x00007ffd7c570000 - 0x00007ffd7c5d6000 	C:\WINDOWS\system32\mswsock.dll
0x00007ffd6b800000 - 0x00007ffd6b816000 	C:\WINDOWS\system32\napinsp.dll
0x00007ffd6b4f0000 - 0x00007ffd6b50a000 	C:\WINDOWS\system32\pnrpnsp.dll
0x00007ffd79050000 - 0x00007ffd79069000 	C:\WINDOWS\system32\NLAapi.dll
0x00007ffd7c340000 - 0x00007ffd7c3fe000 	C:\WINDOWS\SYSTEM32\DNSAPI.dll
0x00007ffd80a50000 - 0x00007ffd80a58000 	C:\WINDOWS\System32\NSI.dll
0x00007ffd7c300000 - 0x00007ffd7c338000 	C:\WINDOWS\SYSTEM32\IPHLPAPI.DLL
0x00007ffd6b350000 - 0x00007ffd6b35e000 	C:\WINDOWS\System32\winrnr.dll
0x00007ffd75990000 - 0x00007ffd759a5000 	C:\WINDOWS\System32\wshbth.dll
0x00007ffd6fd20000 - 0x00007ffd6fd2a000 	C:\Windows\System32\rasadhlp.dll
0x00007ffd703e0000 - 0x00007ffd70452000 	C:\WINDOWS\System32\fwpuclnt.dll
0x00007ffd7ca70000 - 0x00007ffd7ca95000 	C:\WINDOWS\SYSTEM32\bcrypt.dll
0x0000000051b00000 - 0x0000000051b11000 	D:\Java\JDK\jdk1.8.0_161\jre\bin\nio.dll

VM Arguments:
jvm_args: -Dfile.encoding=UTF-8 
java_command: com.jan.RestSpringBootApplication
java_class_path (initial): D:\Java\JDK\jdk1.8.0_161\jre\lib\resources.jar;D:\Java\JDK\jdk1.8.0_161\jre\lib\rt.jar;D:\Java\JDK\jdk1.8.0_161\jre\lib\jsse.jar;D:\Java\JDK\jdk1.8.0_161\jre\lib\jce.jar;D:\Java\JDK\jdk1.8.0_161\jre\lib\charsets.jar;D:\Java\JDK\jdk1.8.0_161\jre\lib\jfr.jar;D:\Java\JDK\jdk1.8.0_161\jre\lib\ext\access-bridge-64.jar;D:\Java\JDK\jdk1.8.0_161\jre\lib\ext\cldrdata.jar;D:\Java\JDK\jdk1.8.0_161\jre\lib\ext\dnsns.jar;D:\Java\JDK\jdk1.8.0_161\jre\lib\ext\jaccess.jar;D:\Java\JDK\jdk1.8.0_161\jre\lib\ext\jfxrt.jar;D:\Java\JDK\jdk1.8.0_161\jre\lib\ext\localedata.jar;D:\Java\JDK\jdk1.8.0_161\jre\lib\ext\nashorn.jar;D:\Java\JDK\jdk1.8.0_161\jre\lib\ext\sunec.jar;D:\Java\JDK\jdk1.8.0_161\jre\lib\ext\sunjce_provider.jar;D:\Java\JDK\jdk1.8.0_161\jre\lib\ext\sunmscapi.jar;D:\Java\JDK\jdk1.8.0_161\jre\lib\ext\sunpkcs11.jar;D:\Java\JDK\jdk1.8.0_161\jre\lib\ext\zipfs.jar;C:\Users\B.Rengg\eclipse-workspace\RESTSpringBoot\target\classes;C:\Users\B.Rengg\.m2\repository\org\springframework\boot\spring-boot-starter-data-jpa\2.0.2.RELEASE\spring-boot-starter-data-jpa-2.0.2.RELEASE.jar;C:\Users\B.Rengg\.m2\repository\org\springframework\boot\spring-boot-starter\2.0.2.RELEASE\spring-boot-starter-2.0.2.RELEASE.jar;C:\Users\B.Rengg\.m2\repository\org\springframework\boot\spring-boot\2.0.2.RELEASE\spring-boot-2.0.2.RELEASE.jar;C:\Users\B.Rengg\.m2\repository\org\springframework\boot\spring-boot-autoconfigure\2.0.2.RELEASE\spring-boot-autoconfigure-2.0.2.RELEASE.jar;C:\Users\B.Rengg\.m2\repository\org\springframework\boot\spring-boot-starter-logging\2.0.2.RELEASE\spring-boot-starter-logging-2.0.2.RELEASE.jar;C:\Users\B.Rengg\.m2\repository\ch\qos\logback\logback-classic\1.2.3\logback-classic-1.2.3.jar;C:\Users\B.Rengg\.m2\repository\ch\qos\logback\logback-core\1.2.3\logback-core-1.2.3.jar;C:\Users\B.Rengg\.m2\repository\org\apache\logging\log4j\log4j-to-slf4j\2.10.0\log4j-to-slf4j-2.10.0.jar;C:\Users\B.Rengg\.m2\repository\org\apache\logging\log4j\log4j-api\2.10.0\log4j-
Launcher Type: SUN_STANDARD

Environment Variables:
JAVA_HOME=D:\Java\JDK\jdk1.8.0_161
PATH=D:/Java/JDK/jdk1.8.0_161/bin/../jre/bin/server;D:/Java/JDK/jdk1.8.0_161/bin/../jre/bin;D:/Java/JDK/jdk1.8.0_161/bin/../jre/lib/amd64;D:\Java\JDK\jdk1.8.0_161\bin;D:\Java\apache-maven-3.5.3\bin;C:\ProgramData\Oracle\Java\javapath;C:\WINDOWS\system32;C:\WINDOWS;C:\WINDOWS\System32\Wbem;C:\WINDOWS\System32\WindowsPowerShell\v1.0\;C:\Program Files\Microsoft SQL Server\130\Tools\Binn\;C:\Program Files\Microsoft SQL Server\120\DTS\Binn\;C:\Program Files\Microsoft SQL Server\Client SDK\ODBC\110\Tools\Binn\;C:\Program Files (x86)\Microsoft SQL Server\120\Tools\Binn\;C:\Program Files\Microsoft SQL Server\120\Tools\Binn\;C:\Program Files (x86)\Microsoft SQL Server\120\Tools\Binn\ManagementStudio\;C:\Program Files (x86)\Microsoft SQL Server\120\DTS\Binn\;C:\WINDOWS\system32\config\systemprofile\.dnx\bin;C:\Program Files\Microsoft DNX\Dnvm\;C:\Program Files (x86)\Microsoft Emulator Manager\1.0\;C:\Program Files (x86)\nodejs\;C:\Program Files (x86)\Windows Kits\10\Windows Performance Toolkit\;C:\Program Files\Git\cmd;C:\Program Files (x86)\Skype\Phone\;C:\WINDOWS\System32\OpenSSH\;C:\Users\B.Rengg\AppData\Local\Microsoft\WindowsApps;C:\Users\B.Rengg\AppData\Roaming\npm;;C:\Users\B.Rengg\Desktop;
USERNAME=B.Rengg
OS=Windows_NT
PROCESSOR_IDENTIFIER=Intel64 Family 6 Model 69 Stepping 1, GenuineIntel



---------------  S Y S T E M  ---------------

OS: Windows 10.0 , 64 bit Build 17134 (10.0.17134.1)

CPU:total 4 (initial active 4) (2 cores per cpu, 2 threads per core) family 6 model 69 stepping 1, cmov, cx8, fxsr, mmx, sse, sse2, sse3, ssse3, sse4.1, sse4.2, popcnt, avx, avx2, aes, clmul, erms, lzcnt, ht, tsc, tscinvbit, bmi1, bmi2

Memory: 4k page, physical 4074756k(264568k free), swap 7146756k(5148k free)

vm_info: Java HotSpot(TM) 64-Bit Server VM (25.161-b12) for windows-amd64 JRE (1.8.0_161-b12), built on Dec 19 2017 17:52:25 by "java_re" with MS VC++ 10.0 (VS2010)

time: Wed Jun 13 16:48:36 2018
elapsed time: 3 seconds (0d 0h 0m 3s)

