#
# There is insufficient memory for the Java Runtime Environment to continue.
# Native memory allocation (malloc) failed to allocate 1718432 bytes for Chunk::new
# Possible reasons:
#   The system is out of physical RAM or swap space
#   In 32 bit mode, the process size limit was hit
# Possible solutions:
#   Reduce memory load on the system
#   Increase physical memory or swap space
#   Check if swap backing store is full
#   Use 64 bit Java on a 64 bit OS
#   Decrease Java heap size (-Xmx/-Xms)
#   Decrease number of Java threads
#   Decrease Java thread stack sizes (-Xss)
#   Set larger code cache with -XX:ReservedCodeCacheSize=
# This output file may be truncated or incomplete.
#
#  Out of Memory Error (allocation.cpp:390), pid=12888, tid=0x00000000000037e8
#
# JRE version: Java(TM) SE Runtime Environment (8.0_161-b12) (build 1.8.0_161-b12)
# Java VM: Java HotSpot(TM) 64-Bit Server VM (25.161-b12 mixed mode windows-amd64 compressed oops)
# Failed to write core dump. Minidumps are not enabled by default on client versions of Windows
#

---------------  T H R E A D  ---------------

Current thread (0x0000000015590000):  JavaThread "C2 CompilerThread0" daemon [_thread_in_native, id=14312, stack(0x0000000016bc0000,0x0000000016cc0000)]

Stack: [0x0000000016bc0000,0x0000000016cc0000]
[error occurred during error reporting (printing stack bounds), id 0xc0000005]

Native frames: (J=compiled Java code, j=interpreted, Vv=VM code, C=native code)


Current CompileTask:
C2:   4498 2147       4       java.net.URLClassLoader$1::run (5 bytes)


---------------  P R O C E S S  ---------------

Java Threads: ( => current thread )
  0x0000000016eec000 JavaThread "Service Thread" daemon [_thread_blocked, id=13896, stack(0x00000000172c0000,0x00000000173c0000)]
  0x0000000015594800 JavaThread "C1 CompilerThread2" daemon [_thread_blocked, id=14228, stack(0x0000000016dc0000,0x0000000016ec0000)]
  0x000000001557f000 JavaThread "C2 CompilerThread1" daemon [_thread_blocked, id=14316, stack(0x0000000016cc0000,0x0000000016dc0000)]
=>0x0000000015590000 JavaThread "C2 CompilerThread0" daemon [_thread_in_native, id=14312, stack(0x0000000016bc0000,0x0000000016cc0000)]
  0x000000001558e800 JavaThread "Attach Listener" daemon [_thread_blocked, id=14288, stack(0x0000000016ac0000,0x0000000016bc0000)]
  0x000000001558d800 JavaThread "Signal Dispatcher" daemon [_thread_blocked, id=4660, stack(0x00000000169c0000,0x0000000016ac0000)]
  0x0000000015570000 JavaThread "Finalizer" daemon [_thread_blocked, id=13608, stack(0x00000000167d0000,0x00000000168d0000)]
  0x0000000002fa6000 JavaThread "Reference Handler" daemon [_thread_blocked, id=14244, stack(0x00000000166d0000,0x00000000167d0000)]
  0x0000000002eb5800 JavaThread "main" [_thread_in_native, id=13900, stack(0x0000000002db0000,0x0000000002eb0000)]

Other Threads:
  0x0000000015547000 VMThread [stack: 0x00000000165d0000,0x00000000166d0000] [id=13720]
  0x0000000016f2a000 WatcherThread [stack: 0x00000000173c0000,0x00000000174c0000] [id=13912]

VM state:not at safepoint (normal execution)

VM Mutex/Monitor currently owned by a thread: None

Heap:
 PSYoungGen      total 72192K, used 33583K [0x00000000eb400000, 0x00000000f0200000, 0x0000000100000000)
  eden space 65024K, 40% used [0x00000000eb400000,0x00000000ecdd1ef0,0x00000000ef380000)
  from space 7168K, 99% used [0x00000000ef380000,0x00000000efa79f48,0x00000000efa80000)
  to   space 6656K, 0% used [0x00000000efa80000,0x00000000efa80000,0x00000000f0100000)
 ParOldGen       total 34816K, used 9081K [0x00000000c1c00000, 0x00000000c3e00000, 0x00000000eb400000)
  object space 34816K, 26% used [0x00000000c1c00000,0x00000000c24de678,0x00000000c3e00000)
 Metaspace       used 25287K, capacity 25996K, committed 26240K, reserved 1073152K
  class space    used 3233K, capacity 3423K, committed 3456K, reserved 1048576K

Card table byte_map: [0x0000000012370000,0x0000000012570000] byte_map_base: 0x0000000011d62000

Marking Bits: (ParMarkBitMap*) 0x000000007745f860
 Begin Bits: [0x0000000012ac0000, 0x0000000013a50000)
 End Bits:   [0x0000000013a50000, 0x00000000149e0000)

Polling page: 0x00000000009f0000

CodeCache: size=245760Kb used=8368Kb max_used=8379Kb free=237392Kb
 bounds [0x0000000002fb0000, 0x00000000037f0000, 0x0000000011fb0000]
 total_blobs=2656 nmethods=2257 adapters=311
 compilation: enabled

Compilation events (10 events):
Event: 4.341 Thread 0x000000001557f000 2252       4       java.nio.HeapByteBuffer::getShort (18 bytes)
Event: 4.343 Thread 0x000000001557f000 nmethod 2252 0x00000000037dfa50 code [0x00000000037dfba0, 0x00000000037dfcd8]
Event: 4.349 Thread 0x000000001557f000 2253       4       org.springframework.core.type.classreading.AnnotationMetadataReadingVisitor::getClassName (5 bytes)
Event: 4.349 Thread 0x000000001557f000 nmethod 2253 0x0000000003736590 code [0x00000000037366c0, 0x0000000003736718]
Event: 4.351 Thread 0x0000000015594800 2254       1       org.springframework.context.annotation.ConfigurationClassParser::access$100 (5 bytes)
Event: 4.352 Thread 0x0000000015594800 nmethod 2254 0x00000000037df790 code [0x00000000037df8e0, 0x00000000037df9d0]
Event: 4.352 Thread 0x0000000015594800 2255       1       org.springframework.context.annotation.ConfigurationMethod::getMetadata (5 bytes)
Event: 4.352 Thread 0x0000000015594800 nmethod 2255 0x00000000037df4d0 code [0x00000000037df620, 0x00000000037df730]
Event: 4.352 Thread 0x0000000015594800 2256       3       org.springframework.core.type.classreading.MethodMetadataReadingVisitor::isStatic (16 bytes)
Event: 4.352 Thread 0x0000000015594800 nmethod 2256 0x00000000037df150 code [0x00000000037df2a0, 0x00000000037df450]

GC Heap History (10 events):
Event: 1.454 GC heap before
{Heap before GC invocations=4 (full 0):
 PSYoungGen      total 18944K, used 18944K [0x00000000eb400000, 0x00000000ed900000, 0x0000000100000000)
  eden space 16384K, 100% used [0x00000000eb400000,0x00000000ec400000,0x00000000ec400000)
  from space 2560K, 100% used [0x00000000ec400000,0x00000000ec680000,0x00000000ec680000)
  to   space 2560K, 0% used [0x00000000ed680000,0x00000000ed680000,0x00000000ed900000)
 ParOldGen       total 44032K, used 3273K [0x00000000c1c00000, 0x00000000c4700000, 0x00000000eb400000)
  object space 44032K, 7% used [0x00000000c1c00000,0x00000000c1f324e8,0x00000000c4700000)
 Metaspace       used 13335K, capacity 13760K, committed 13952K, reserved 1060864K
  class space    used 1750K, capacity 1879K, committed 1920K, reserved 1048576K
Event: 1.459 GC heap after
Heap after GC invocations=4 (full 0):
 PSYoungGen      total 35328K, used 2544K [0x00000000eb400000, 0x00000000ed900000, 0x0000000100000000)
  eden space 32768K, 0% used [0x00000000eb400000,0x00000000eb400000,0x00000000ed400000)
  from space 2560K, 99% used [0x00000000ed680000,0x00000000ed8fc010,0x00000000ed900000)
  to   space 2560K, 0% used [0x00000000ed400000,0x00000000ed400000,0x00000000ed680000)
 ParOldGen       total 44032K, used 4819K [0x00000000c1c00000, 0x00000000c4700000, 0x00000000eb400000)
  object space 44032K, 10% used [0x00000000c1c00000,0x00000000c20b4c00,0x00000000c4700000)
 Metaspace       used 13335K, capacity 13760K, committed 13952K, reserved 1060864K
  class space    used 1750K, capacity 1879K, committed 1920K, reserved 1048576K
}
Event: 2.072 GC heap before
{Heap before GC invocations=5 (full 0):
 PSYoungGen      total 35328K, used 35312K [0x00000000eb400000, 0x00000000ed900000, 0x0000000100000000)
  eden space 32768K, 100% used [0x00000000eb400000,0x00000000ed400000,0x00000000ed400000)
  from space 2560K, 99% used [0x00000000ed680000,0x00000000ed8fc010,0x00000000ed900000)
  to   space 2560K, 0% used [0x00000000ed400000,0x00000000ed400000,0x00000000ed680000)
 ParOldGen       total 44032K, used 4819K [0x00000000c1c00000, 0x00000000c4700000, 0x00000000eb400000)
  object space 44032K, 10% used [0x00000000c1c00000,0x00000000c20b4c00,0x00000000c4700000)
 Metaspace       used 17974K, capacity 18530K, committed 18688K, reserved 1064960K
  class space    used 2310K, capacity 2460K, committed 2560K, reserved 1048576K
Event: 2.087 GC heap after
Heap after GC invocations=5 (full 0):
 PSYoungGen      total 35328K, used 2560K [0x00000000eb400000, 0x00000000f0100000, 0x0000000100000000)
  eden space 32768K, 0% used [0x00000000eb400000,0x00000000eb400000,0x00000000ed400000)
  from space 2560K, 100% used [0x00000000ed400000,0x00000000ed680000,0x00000000ed680000)
  to   space 6656K, 0% used [0x00000000efa80000,0x00000000efa80000,0x00000000f0100000)
 ParOldGen       total 44032K, used 9534K [0x00000000c1c00000, 0x00000000c4700000, 0x00000000eb400000)
  object space 44032K, 21% used [0x00000000c1c00000,0x00000000c254f928,0x00000000c4700000)
 Metaspace       used 17974K, capacity 18530K, committed 18688K, reserved 1064960K
  class space    used 2310K, capacity 2460K, committed 2560K, reserved 1048576K
}
Event: 2.443 GC heap before
{Heap before GC invocations=6 (full 0):
 PSYoungGen      total 35328K, used 25060K [0x00000000eb400000, 0x00000000f0100000, 0x0000000100000000)
  eden space 32768K, 68% used [0x00000000eb400000,0x00000000ec9f9398,0x00000000ed400000)
  from space 2560K, 100% used [0x00000000ed400000,0x00000000ed680000,0x00000000ed680000)
  to   space 6656K, 0% used [0x00000000efa80000,0x00000000efa80000,0x00000000f0100000)
 ParOldGen       total 44032K, used 9534K [0x00000000c1c00000, 0x00000000c4700000, 0x00000000eb400000)
  object space 44032K, 21% used [0x00000000c1c00000,0x00000000c254f928,0x00000000c4700000)
 Metaspace       used 20607K, capacity 21174K, committed 21296K, reserved 1067008K
  class space    used 2661K, capacity 2824K, committed 2944K, reserved 1048576K
Event: 2.451 GC heap after
Heap after GC invocations=6 (full 0):
 PSYoungGen      total 71680K, used 5843K [0x00000000eb400000, 0x00000000f0200000, 0x0000000100000000)
  eden space 65024K, 0% used [0x00000000eb400000,0x00000000eb400000,0x00000000ef380000)
  from space 6656K, 87% used [0x00000000efa80000,0x00000000f0034d50,0x00000000f0100000)
  to   space 7168K, 0% used [0x00000000ef380000,0x00000000ef380000,0x00000000efa80000)
 ParOldGen       total 44032K, used 9542K [0x00000000c1c00000, 0x00000000c4700000, 0x00000000eb400000)
  object space 44032K, 21% used [0x00000000c1c00000,0x00000000c2551928,0x00000000c4700000)
 Metaspace       used 20607K, capacity 21174K, committed 21296K, reserved 1067008K
  class space    used 2661K, capacity 2824K, committed 2944K, reserved 1048576K
}
Event: 2.452 GC heap before
{Heap before GC invocations=7 (full 1):
 PSYoungGen      total 71680K, used 5843K [0x00000000eb400000, 0x00000000f0200000, 0x0000000100000000)
  eden space 65024K, 0% used [0x00000000eb400000,0x00000000eb400000,0x00000000ef380000)
  from space 6656K, 87% used [0x00000000efa80000,0x00000000f0034d50,0x00000000f0100000)
  to   space 7168K, 0% used [0x00000000ef380000,0x00000000ef380000,0x00000000efa80000)
 ParOldGen       total 44032K, used 9542K [0x00000000c1c00000, 0x00000000c4700000, 0x00000000eb400000)
  object space 44032K, 21% used [0x00000000c1c00000,0x00000000c2551928,0x00000000c4700000)
 Metaspace       used 20607K, capacity 21174K, committed 21296K, reserved 1067008K
  class space    used 2661K, capacity 2824K, committed 2944K, reserved 1048576K
Event: 2.535 GC heap after
Heap after GC invocations=7 (full 1):
 PSYoungGen      total 71680K, used 0K [0x00000000eb400000, 0x00000000f0200000, 0x0000000100000000)
  eden space 65024K, 0% used [0x00000000eb400000,0x00000000eb400000,0x00000000ef380000)
  from space 6656K, 0% used [0x00000000efa80000,0x00000000efa80000,0x00000000f0100000)
  to   space 7168K, 0% used [0x00000000ef380000,0x00000000ef380000,0x00000000efa80000)
 ParOldGen       total 34816K, used 7183K [0x00000000c1c00000, 0x00000000c3e00000, 0x00000000eb400000)
  object space 34816K, 20% used [0x00000000c1c00000,0x00000000c2303c60,0x00000000c3e00000)
 Metaspace       used 20607K, capacity 21174K, committed 21296K, reserved 1067008K
  class space    used 2661K, capacity 2824K, committed 2944K, reserved 1048576K
}
Event: 4.096 GC heap before
{Heap before GC invocations=8 (full 1):
 PSYoungGen      total 71680K, used 65019K [0x00000000eb400000, 0x00000000f0200000, 0x0000000100000000)
  eden space 65024K, 99% used [0x00000000eb400000,0x00000000ef37ef50,0x00000000ef380000)
  from space 6656K, 0% used [0x00000000efa80000,0x00000000efa80000,0x00000000f0100000)
  to   space 7168K, 0% used [0x00000000ef380000,0x00000000ef380000,0x00000000efa80000)
 ParOldGen       total 34816K, used 7183K [0x00000000c1c00000, 0x00000000c3e00000, 0x00000000eb400000)
  object space 34816K, 20% used [0x00000000c1c00000,0x00000000c2303c60,0x00000000c3e00000)
 Metaspace       used 24982K, capacity 25726K, committed 25984K, reserved 1071104K
  class space    used 3195K, capacity 3378K, committed 3456K, reserved 1048576K
Event: 4.112 GC heap after
Heap after GC invocations=8 (full 1):
 PSYoungGen      total 72192K, used 7143K [0x00000000eb400000, 0x00000000f0200000, 0x0000000100000000)
  eden space 65024K, 0% used [0x00000000eb400000,0x00000000eb400000,0x00000000ef380000)
  from space 7168K, 99% used [0x00000000ef380000,0x00000000efa79f48,0x00000000efa80000)
  to   space 6656K, 0% used [0x00000000efa80000,0x00000000efa80000,0x00000000f0100000)
 ParOldGen       total 34816K, used 9081K [0x00000000c1c00000, 0x00000000c3e00000, 0x00000000eb400000)
  object space 34816K, 26% used [0x00000000c1c00000,0x00000000c24de678,0x00000000c3e00000)
 Metaspace       used 24982K, capacity 25726K, committed 25984K, reserved 1071104K
  class space    used 3195K, capacity 3378K, committed 3456K, reserved 1048576K
}

Deoptimization events (10 events):
Event: 2.301 Thread 0x0000000017cba800 Uncommon trap: reason=unstable_if action=reinterpret pc=0x00000000033f78a8 method=jdk.internal.org.objectweb.asm.Type.getArgumentsAndReturnSizes(Ljava/lang/String;)I @ 47
Event: 2.764 Thread 0x0000000017cba800 Uncommon trap: reason=unstable_if action=reinterpret pc=0x00000000034a2c48 method=java.util.Properties$LineReader.readLine()I @ 252
Event: 2.767 Thread 0x0000000017cba800 Uncommon trap: reason=unstable_if action=reinterpret pc=0x0000000003485944 method=java.util.Properties$LineReader.readLine()I @ 252
Event: 3.361 Thread 0x0000000017cba800 Uncommon trap: reason=unstable_if action=reinterpret pc=0x000000000360ac20 method=com.sun.org.apache.xerces.internal.impl.XMLEntityScanner.skipSpaces()Z @ 125
Event: 3.431 Thread 0x0000000017cba800 Uncommon trap: reason=unstable_if action=reinterpret pc=0x0000000003670b30 method=com.sun.org.apache.xerces.internal.util.SymbolTable.addSymbol([CII)Ljava/lang/String; @ 38
Event: 3.431 Thread 0x0000000017cba800 Uncommon trap: reason=unstable_if action=reinterpret pc=0x00000000035d7010 method=com.sun.org.apache.xerces.internal.impl.XMLEntityScanner.scanLiteral(ILcom/sun/org/apache/xerces/internal/xni/XMLString;Z)I @ 44
Event: 3.438 Thread 0x0000000017cba800 Uncommon trap: reason=unstable_if action=reinterpret pc=0x0000000003603408 method=com.sun.org.apache.xerces.internal.util.SymbolTable.addSymbol([CII)Ljava/lang/String; @ 38
Event: 3.542 Thread 0x0000000017cba800 Uncommon trap: reason=unstable_if action=reinterpret pc=0x000000000348f014 method=sun.misc.ASCIICaseInsensitiveComparator.compare(Ljava/lang/String;Ljava/lang/String;)I @ 83
Event: 3.577 Thread 0x0000000017cba800 Uncommon trap: reason=predicate action=maybe_recompile pc=0x0000000003388ae8 method=java.lang.String.regionMatches(ZILjava/lang/String;II)Z @ 63
Event: 3.868 Thread 0x0000000002eb5800 Uncommon trap: reason=predicate action=maybe_recompile pc=0x000000000377efcc method=java.util.AbstractCollection.toArray([Ljava/lang/Object;)[Ljava/lang/Object; @ 49

Classes redefined (0 events):
No events

Internal exceptions (10 events):
Event: 1.983 Thread 0x0000000002eb5800 Exception <a 'java/lang/ClassNotFoundException': org/springframework/context/annotation/ConfigurationClassPostProcessorCustomizer> (0x00000000ecfa3cb0) thrown at [C:\re\workspace\8-2-build-windows-amd64-cygwin\jdk8u161\10277\hotspot\src\share\vm\classfile
Event: 1.992 Thread 0x0000000002eb5800 Exception <a 'java/lang/ClassNotFoundException': org/springframework/beans/factory/support/BeanDefinitionRegistryPostProcessorCustomizer> (0x00000000ed0634a0) thrown at [C:\re\workspace\8-2-build-windows-amd64-cygwin\jdk8u161\10277\hotspot\src\share\vm\cl
Event: 1.992 Thread 0x0000000002eb5800 Exception <a 'java/lang/ClassNotFoundException': org/springframework/core/PriorityOrderedCustomizer> (0x00000000ed076a10) thrown at [C:\re\workspace\8-2-build-windows-amd64-cygwin\jdk8u161\10277\hotspot\src\share\vm\classfile\systemDictionary.cpp, line 21
Event: 1.993 Thread 0x0000000002eb5800 Exception <a 'java/lang/ClassNotFoundException': org/springframework/context/ResourceLoaderAwareCustomizer> (0x00000000ed08ad00) thrown at [C:\re\workspace\8-2-build-windows-amd64-cygwin\jdk8u161\10277\hotspot\src\share\vm\classfile\systemDictionary.cpp, 
Event: 1.995 Thread 0x0000000002eb5800 Exception <a 'java/lang/ClassNotFoundException': org/springframework/beans/factory/BeanClassLoaderAwareCustomizer> (0x00000000ed108b40) thrown at [C:\re\workspace\8-2-build-windows-amd64-cygwin\jdk8u161\10277\hotspot\src\share\vm\classfile\systemDictionar
Event: 2.002 Thread 0x0000000002eb5800 Exception <a 'java/lang/ClassNotFoundException': org/springframework/context/EnvironmentAwareCustomizer> (0x00000000ed11d5e8) thrown at [C:\re\workspace\8-2-build-windows-amd64-cygwin\jdk8u161\10277\hotspot\src\share\vm\classfile\systemDictionary.cpp, lin
Event: 2.017 Thread 0x0000000002eb5800 Exception <a 'java/lang/NoClassDefFoundError': org/reactivestreams/Publisher> (0x00000000ed1da460) thrown at [C:\re\workspace\8-2-build-windows-amd64-cygwin\jdk8u161\10277\hotspot\src\share\vm\classfile\systemDictionary.cpp, line 199]
Event: 2.018 Thread 0x0000000002eb5800 Exception <a 'java/lang/NoClassDefFoundError': rx/Observable> (0x00000000ed1e5598) thrown at [C:\re\workspace\8-2-build-windows-amd64-cygwin\jdk8u161\10277\hotspot\src\share\vm\classfile\systemDictionary.cpp, line 199]
Event: 2.019 Thread 0x0000000002eb5800 Exception <a 'java/lang/NoClassDefFoundError': org/reactivestreams/Publisher> (0x00000000ed1f2cb0) thrown at [C:\re\workspace\8-2-build-windows-amd64-cygwin\jdk8u161\10277\hotspot\src\share\vm\classfile\systemDictionary.cpp, line 199]
Event: 2.309 Thread 0x0000000017cba800 Exception <a 'java/lang/IncompatibleClassChangeError': Found class java.lang.Object, but interface was expected> (0x00000000ec3c9be0) thrown at [C:\re\workspace\8-2-build-windows-amd64-cygwin\jdk8u161\10277\hotspot\src\share\vm\interpreter\linkResolver.cp

Events (10 events):
Event: 4.353 loading class org/springframework/context/annotation/ConfigurationClassBeanDefinitionReader
Event: 4.353 loading class org/springframework/context/annotation/ConfigurationClassBeanDefinitionReader done
Event: 4.354 loading class org/springframework/context/annotation/ImportBeanDefinitionRegistrar
Event: 4.354 loading class org/springframework/context/annotation/ImportBeanDefinitionRegistrar done
Event: 4.354 loading class org/springframework/context/annotation/ImportBeanDefinitionRegistrar
Event: 4.354 loading class org/springframework/context/annotation/ImportBeanDefinitionRegistrar done
Event: 4.354 loading class org/springframework/context/annotation/ConfigurationClassBeanDefinitionReader
Event: 4.354 loading class org/springframework/context/annotation/ConfigurationClassBeanDefinitionReader done
Event: 4.354 loading class org/springframework/boot/autoconfigure/AutoConfigurationPackages$PackageImport
Event: 4.354 loading class org/springframework/boot/autoconfigure/AutoConfigurationPackages$PackageImport done


Dynamic libraries:
0x00007ff63b830000 - 0x00007ff63b867000 	D:\Java\JDK\jdk1.8.0_161\bin\javaw.exe
0x00007ffd80a90000 - 0x00007ffd80c71000 	C:\WINDOWS\SYSTEM32\ntdll.dll
0x00007ffd7dfa0000 - 0x00007ffd7e052000 	C:\WINDOWS\System32\KERNEL32.DLL
0x00007ffd7d1f0000 - 0x00007ffd7d463000 	C:\WINDOWS\System32\KERNELBASE.dll
0x00007ffd80070000 - 0x00007ffd80111000 	C:\WINDOWS\System32\ADVAPI32.dll
0x00007ffd7fd80000 - 0x00007ffd7fe1e000 	C:\WINDOWS\System32\msvcrt.dll
0x00007ffd7df40000 - 0x00007ffd7df9b000 	C:\WINDOWS\System32\sechost.dll
0x00007ffd80330000 - 0x00007ffd80454000 	C:\WINDOWS\System32\RPCRT4.dll
0x00007ffd801a0000 - 0x00007ffd80330000 	C:\WINDOWS\System32\USER32.dll
0x00007ffd7d520000 - 0x00007ffd7d540000 	C:\WINDOWS\System32\win32u.dll
0x00007ffd80690000 - 0x00007ffd806b8000 	C:\WINDOWS\System32\GDI32.dll
0x00007ffd7cfb0000 - 0x00007ffd7d142000 	C:\WINDOWS\System32\gdi32full.dll
0x00007ffd7d150000 - 0x00007ffd7d1ef000 	C:\WINDOWS\System32\msvcp_win.dll
0x00007ffd7ce60000 - 0x00007ffd7cf5a000 	C:\WINDOWS\System32\ucrtbase.dll
0x00007ffd73110000 - 0x00007ffd73379000 	C:\WINDOWS\WinSxS\amd64_microsoft.windows.common-controls_6595b64144ccf1df_6.0.17134.81_none_b4b229fe3cb4cfa3\COMCTL32.dll
0x00007ffd806c0000 - 0x00007ffd809e3000 	C:\WINDOWS\System32\combase.dll
0x00007ffd7de40000 - 0x00007ffd7deba000 	C:\WINDOWS\System32\bcryptPrimitives.dll
0x00007ffd80660000 - 0x00007ffd8068d000 	C:\WINDOWS\System32\IMM32.DLL
0x0000000051830000 - 0x0000000051902000 	D:\Java\JDK\jdk1.8.0_161\jre\bin\msvcr100.dll
0x0000000076c40000 - 0x00000000774df000 	D:\Java\JDK\jdk1.8.0_161\jre\bin\server\jvm.dll
0x00007ffd7fee0000 - 0x00007ffd7fee8000 	C:\WINDOWS\System32\PSAPI.DLL
0x00007ffd7b9c0000 - 0x00007ffd7b9c9000 	C:\WINDOWS\SYSTEM32\WSOCK32.dll
0x00007ffd795e0000 - 0x00007ffd79603000 	C:\WINDOWS\SYSTEM32\WINMM.dll
0x00007ffd80460000 - 0x00007ffd804cc000 	C:\WINDOWS\System32\WS2_32.dll
0x00007ffd74e20000 - 0x00007ffd74e2a000 	C:\WINDOWS\SYSTEM32\VERSION.dll
0x00007ffd795b0000 - 0x00007ffd795da000 	C:\WINDOWS\SYSTEM32\WINMMBASE.dll
0x00007ffd7cf60000 - 0x00007ffd7cfa9000 	C:\WINDOWS\System32\cfgmgr32.dll
0x0000000051b90000 - 0x0000000051b9f000 	D:\Java\JDK\jdk1.8.0_161\jre\bin\verify.dll
0x0000000051b60000 - 0x0000000051b89000 	D:\Java\JDK\jdk1.8.0_161\jre\bin\java.dll
0x0000000051b40000 - 0x0000000051b56000 	D:\Java\JDK\jdk1.8.0_161\jre\bin\zip.dll
0x00007ffd7e060000 - 0x00007ffd7f4a0000 	C:\WINDOWS\System32\SHELL32.dll
0x00007ffd804e0000 - 0x00007ffd80589000 	C:\WINDOWS\System32\shcore.dll
0x00007ffd7d730000 - 0x00007ffd7de3d000 	C:\WINDOWS\System32\windows.storage.dll
0x00007ffd7fe80000 - 0x00007ffd7fed1000 	C:\WINDOWS\System32\shlwapi.dll
0x00007ffd7cdb0000 - 0x00007ffd7cdc1000 	C:\WINDOWS\System32\kernel.appcore.dll
0x00007ffd7ce20000 - 0x00007ffd7ce3f000 	C:\WINDOWS\System32\profapi.dll
0x00007ffd7cdd0000 - 0x00007ffd7ce1c000 	C:\WINDOWS\System32\powrprof.dll
0x00007ffd7cda0000 - 0x00007ffd7cdaa000 	C:\WINDOWS\System32\FLTLIB.DLL
0x0000000051ab0000 - 0x0000000051abd000 	D:\Java\JDK\jdk1.8.0_161\jre\bin\management.dll
0x0000000051b20000 - 0x0000000051b3a000 	D:\Java\JDK\jdk1.8.0_161\jre\bin\net.dll
0x00007ffd7c570000 - 0x00007ffd7c5d6000 	C:\WINDOWS\system32\mswsock.dll
0x00007ffd6b800000 - 0x00007ffd6b816000 	C:\WINDOWS\system32\napinsp.dll
0x00007ffd6b4f0000 - 0x00007ffd6b50a000 	C:\WINDOWS\system32\pnrpnsp.dll
0x00007ffd79050000 - 0x00007ffd79069000 	C:\WINDOWS\system32\NLAapi.dll
0x00007ffd7c340000 - 0x00007ffd7c3fe000 	C:\WINDOWS\SYSTEM32\DNSAPI.dll
0x00007ffd80a50000 - 0x00007ffd80a58000 	C:\WINDOWS\System32\NSI.dll
0x00007ffd7c300000 - 0x00007ffd7c338000 	C:\WINDOWS\SYSTEM32\IPHLPAPI.DLL
0x00007ffd6b350000 - 0x00007ffd6b35e000 	C:\WINDOWS\System32\winrnr.dll
0x00007ffd75990000 - 0x00007ffd759a5000 	C:\WINDOWS\System32\wshbth.dll
0x00007ffd6fd20000 - 0x00007ffd6fd2a000 	C:\Windows\System32\rasadhlp.dll
0x00007ffd703e0000 - 0x00007ffd70452000 	C:\WINDOWS\System32\fwpuclnt.dll
0x00007ffd7ca70000 - 0x00007ffd7ca95000 	C:\WINDOWS\SYSTEM32\bcrypt.dll
0x0000000051b00000 - 0x0000000051b11000 	D:\Java\JDK\jdk1.8.0_161\jre\bin\nio.dll

VM Arguments:
jvm_args: -Dfile.encoding=UTF-8 
java_command: com.jan.RestSpringBootApplication
java_class_path (initial): D:\Java\JDK\jdk1.8.0_161\jre\lib\resources.jar;D:\Java\JDK\jdk1.8.0_161\jre\lib\rt.jar;D:\Java\JDK\jdk1.8.0_161\jre\lib\jsse.jar;D:\Java\JDK\jdk1.8.0_161\jre\lib\jce.jar;D:\Java\JDK\jdk1.8.0_161\jre\lib\charsets.jar;D:\Java\JDK\jdk1.8.0_161\jre\lib\jfr.jar;D:\Java\JDK\jdk1.8.0_161\jre\lib\ext\access-bridge-64.jar;D:\Java\JDK\jdk1.8.0_161\jre\lib\ext\cldrdata.jar;D:\Java\JDK\jdk1.8.0_161\jre\lib\ext\dnsns.jar;D:\Java\JDK\jdk1.8.0_161\jre\lib\ext\jaccess.jar;D:\Java\JDK\jdk1.8.0_161\jre\lib\ext\jfxrt.jar;D:\Java\JDK\jdk1.8.0_161\jre\lib\ext\localedata.jar;D:\Java\JDK\jdk1.8.0_161\jre\lib\ext\nashorn.jar;D:\Java\JDK\jdk1.8.0_161\jre\lib\ext\sunec.jar;D:\Java\JDK\jdk1.8.0_161\jre\lib\ext\sunjce_provider.jar;D:\Java\JDK\jdk1.8.0_161\jre\lib\ext\sunmscapi.jar;D:\Java\JDK\jdk1.8.0_161\jre\lib\ext\sunpkcs11.jar;D:\Java\JDK\jdk1.8.0_161\jre\lib\ext\zipfs.jar;C:\Users\B.Rengg\eclipse-workspace\RESTSpringBoot\target\classes;C:\Users\B.Rengg\.m2\repository\org\springframework\spring-web\5.0.6.RELEASE\spring-web-5.0.6.RELEASE.jar;C:\Users\B.Rengg\.m2\repository\org\springframework\spring-beans\5.0.6.RELEASE\spring-beans-5.0.6.RELEASE.jar;C:\Users\B.Rengg\.m2\repository\org\springframework\spring-core\5.0.6.RELEASE\spring-core-5.0.6.RELEASE.jar;C:\Users\B.Rengg\.m2\repository\org\springframework\spring-jcl\5.0.6.RELEASE\spring-jcl-5.0.6.RELEASE.jar;C:\Users\B.Rengg\.m2\repository\org\springframework\spring-webmvc\5.0.6.RELEASE\spring-webmvc-5.0.6.RELEASE.jar;C:\Users\B.Rengg\.m2\repository\org\springframework\spring-aop\5.0.6.RELEASE\spring-aop-5.0.6.RELEASE.jar;C:\Users\B.Rengg\.m2\repository\org\springframework\spring-context\5.0.6.RELEASE\spring-context-5.0.6.RELEASE.jar;C:\Users\B.Rengg\.m2\repository\org\springframework\spring-expression\5.0.6.RELEASE\spring-expression-5.0.6.RELEASE.jar;C:\Users\B.Rengg\.m2\repository\org\springframework\data\spring-data-jpa\2.0.7.RELEASE\spring-data-jpa-2.0.7.RELEASE.jar;C:\Users\B.Rengg\.m2\repository\org\sprin
Launcher Type: SUN_STANDARD

Environment Variables:
JAVA_HOME=D:\Java\JDK\jdk1.8.0_161
PATH=D:/Java/JDK/jdk1.8.0_161/bin/../jre/bin/server;D:/Java/JDK/jdk1.8.0_161/bin/../jre/bin;D:/Java/JDK/jdk1.8.0_161/bin/../jre/lib/amd64;D:\Java\JDK\jdk1.8.0_161\bin;D:\Java\apache-maven-3.5.3\bin;C:\ProgramData\Oracle\Java\javapath;C:\WINDOWS\system32;C:\WINDOWS;C:\WINDOWS\System32\Wbem;C:\WINDOWS\System32\WindowsPowerShell\v1.0\;C:\Program Files\Microsoft SQL Server\130\Tools\Binn\;C:\Program Files\Microsoft SQL Server\120\DTS\Binn\;C:\Program Files\Microsoft SQL Server\Client SDK\ODBC\110\Tools\Binn\;C:\Program Files (x86)\Microsoft SQL Server\120\Tools\Binn\;C:\Program Files\Microsoft SQL Server\120\Tools\Binn\;C:\Program Files (x86)\Microsoft SQL Server\120\Tools\Binn\ManagementStudio\;C:\Program Files (x86)\Microsoft SQL Server\120\DTS\Binn\;C:\WINDOWS\system32\config\systemprofile\.dnx\bin;C:\Program Files\Microsoft DNX\Dnvm\;C:\Program Files (x86)\Microsoft Emulator Manager\1.0\;C:\Program Files (x86)\nodejs\;C:\Program Files (x86)\Windows Kits\10\Windows Performance Toolkit\;C:\Program Files\Git\cmd;C:\Program Files (x86)\Skype\Phone\;C:\WINDOWS\System32\OpenSSH\;C:\Users\B.Rengg\AppData\Local\Microsoft\WindowsApps;C:\Users\B.Rengg\AppData\Roaming\npm;;C:\Users\B.Rengg\Desktop;
USERNAME=B.Rengg
OS=Windows_NT
PROCESSOR_IDENTIFIER=Intel64 Family 6 Model 69 Stepping 1, GenuineIntel



---------------  S Y S T E M  ---------------

OS: Windows 10.0 , 64 bit Build 17134 (10.0.17134.1)

CPU:total 4 (initial active 4) (2 cores per cpu, 2 threads per core) family 6 model 69 stepping 1, cmov, cx8, fxsr, mmx, sse, sse2, sse3, ssse3, sse4.1, sse4.2, popcnt, avx, avx2, aes, clmul, erms, lzcnt, ht, tsc, tscinvbit, bmi1, bmi2

Memory: 4k page, physical 4074756k(249704k free), swap 7146756k(6448k free)

vm_info: Java HotSpot(TM) 64-Bit Server VM (25.161-b12) for windows-amd64 JRE (1.8.0_161-b12), built on Dec 19 2017 17:52:25 by "java_re" with MS VC++ 10.0 (VS2010)

time: Wed Jun 13 16:47:39 2018
elapsed time: 4 seconds (0d 0h 0m 4s)

